<?xml version="1.0" encoding="UTF-8"?>
<!-- Generated by org.testng.reporters.JUnitXMLReporter -->
<testsuite hostname="Aliakseis-MacBook-Pro.local" name="Default test" tests="4" failures="0" timestamp="8 Feb 2016 09:25:52 GMT" time="21.126" errors="0">
  <testcase name="Calc_tests" time="4.163" classname="tests.NewTest"/>
  <testcase name="Calc_tests" time="4.144" classname="tests.NewTest"/>
  <testcase name="Calc_tests" time="4.807" classname="tests.NewTest"/>
  <testcase name="Calc_tests" time="3.402" classname="tests.NewTest"/>
</testsuite> <!-- Default test -->
